<?xml version="1.0" encoding="UTF-8"?>
<testsuite name="capstone.web.WebDevelopApplicationTests" tests="1" skipped="0" failures="0" errors="0" timestamp="2024-11-17T07:19:50" hostname="DESKTOP-95TA60A" time="0.554">
  <properties/>
  <testcase name="contextLoads()" classname="capstone.web.WebDevelopApplicationTests" time="0.554"/>
  <system-out><![CDATA[16:19:48.611 [Test worker] INFO org.springframework.test.context.support.AnnotationConfigContextLoaderUtils -- Could not detect default configuration classes for test class [capstone.web.WebDevelopApplicationTests]: WebDevelopApplicationTests does not declare any static, non-private, non-final, nested classes annotated with @Configuration.
16:19:48.698 [Test worker] INFO org.springframework.boot.test.context.SpringBootTestContextBootstrapper -- Found @SpringBootConfiguration capstone.web.WebDevelopApplication for test class capstone.web.WebDevelopApplicationTests

  .   ____          _            __ _ _
 /\\ / ___'_ __ _ _(_)_ __  __ _ \ \ \ \
( ( )\___ | '_ | '_| | '_ \/ _` | \ \ \ \
 \\/  ___)| |_)| | | | | || (_| |  ) ) ) )
  '  |____| .__|_| |_|_| |_\__, | / / / /
 =========|_|==============|___/=/_/_/_/

 :: Spring Boot ::                (v3.3.5)

2024-11-17T16:19:49.023+09:00  INFO 22756 --- [web-develop] [    Test worker] c.web.WebDevelopApplicationTests         : Starting WebDevelopApplicationTests using Java 17.0.12 with PID 22756 (started by user in C:\study\web-develop)
2024-11-17T16:19:49.024+09:00  INFO 22756 --- [web-develop] [    Test worker] c.web.WebDevelopApplicationTests         : No active profile set, falling back to 1 default profile: "default"
2024-11-17T16:19:49.787+09:00  INFO 22756 --- [web-develop] [    Test worker] o.s.b.a.w.s.WelcomePageHandlerMapping    : Adding welcome page template: index
2024-11-17T16:19:50.013+09:00  INFO 22756 --- [web-develop] [    Test worker] c.web.WebDevelopApplicationTests         : Started WebDevelopApplicationTests in 1.18 seconds (process running for 2.114)
]]></system-out>
  <system-err><![CDATA[]]></system-err>
</testsuite>
